[ircbot] sourced module log
[ircbot] module log installed handler readmsg
[ircbot] module log installed handler sendmsg
[ircbot] sourced module sed
[ircbot] module sed installed handler privmsg
[ircbot] connected
[ircbot] sourced module log
[ircbot] module log installed handler readmsg
[ircbot] module log installed handler sendmsg
[ircbot] sourced module sed
[ircbot] module sed installed handler privmsg
[ircbot] connected
[channels] loaded channel #proglangdesign
[channels] loaded channel #proglangdesign
[channels] adding channel #proglangdesign
[channels] dumping channel list: #proglangdesign #proglangdesign
sed: -e expression n°1, caractère 1: ":" lacks a label
sed: -e expression n°1, caractère 1: ":" lacks a label
sed: -e expression n°1, caractère 1: ":" lacks a label
sed: -e expression n°1, caractère 1: ":" lacks a label
sed: -e expression n°1, caractère 1: ":" lacks a label
sed: -e expression n°1, caractère 1: ":" lacks a label
sed: -e expression n°1, caractère 1: ":" lacks a label
sed: -e expression n°1, caractère 1: ":" lacks a label
sed: -e expression n°1, caractère 1: ":" lacks a label
sed: -e expression n°1, caractère 1: ":" lacks a label
sed: -e expression n°1, caractère 1: ":" lacks a label
sed: -e expression n°1, caractère 1: ":" lacks a label
sed: -e expression n°1, caractère 1: ":" lacks a label
sed: -e expression n°1, caractère 1: ":" lacks a label
sed: -e expression n°1, caractère 1: ":" lacks a label
sed: -e expression n°1, caractère 1: ":" lacks a label
sed: -e expression n°1, caractère 1: ":" lacks a label
sed: -e expression n°1, caractère 1: ":" lacks a label
sed: -e expression n°1, caractère 1: ":" lacks a label
sed: -e expression n°1, caractère 1: ":" lacks a label
sed: -e expression n°1, caractère 1: ":" lacks a label
sed: -e expression n°1, caractère 1: ":" lacks a label
sed: -e expression n°1, caractère 1: ":" lacks a label
sed: -e expression n°1, caractère 1: ":" lacks a label
sed: -e expression n°1, caractère 1: ":" lacks a label
sed: -e expression n°1, caractère 1: ":" lacks a label
sed: -e expression n°1, caractère 1: ":" lacks a label
sed: -e expression n°1, caractère 1: ":" lacks a label
sed: -e expression n°1, caractère 1: ":" lacks a label
sed: -e expression n°1, caractère 1: ":" lacks a label
sed: -e expression n°1, caractère 1: ":" lacks a label
sed: -e expression n°1, caractère 1: ":" lacks a label
sed: -e expression n°1, caractère 1: ":" lacks a label
sed: -e expression n°1, caractère 1: ":" lacks a label
sed: -e expression n°1, caractère 1: ":" lacks a label
sed: -e expression n°1, caractère 1: ":" lacks a label
sed: -e expression n°1, caractère 1: ":" lacks a label
sed: -e expression n°1, caractère 1: ":" lacks a label
sed: -e expression n°1, caractère 1: ":" lacks a label
sed: -e expression n°1, caractère 1: ":" lacks a label
sed: -e expression n°1, caractère 1: ":" lacks a label
sed: -e expression n°1, caractère 1: ":" lacks a label
sed: -e expression n°1, caractère 1: ":" lacks a label
sed: -e expression n°1, caractère 1: ":" lacks a label
sed: -e expression n°1, caractère 1: ":" lacks a label
sed: -e expression n°1, caractère 1: ":" lacks a label
sed: -e expression n°1, caractère 1: ":" lacks a label
sed: -e expression n°1, caractère 1: ":" lacks a label
sed: -e expression n°1, caractère 1: ":" lacks a label
sed: -e expression n°1, caractère 1: ":" lacks a label
sed: -e expression n°1, caractère 1: ":" lacks a label
sed: -e expression n°1, caractère 1: ":" lacks a label
sed: -e expression n°1, caractère 1: ":" lacks a label
sed: -e expression n°1, caractère 1: ":" lacks a label
sed: -e expression n°1, caractère 1: ":" lacks a label
sed: -e expression n°1, caractère 1: ":" lacks a label
sed: -e expression n°1, caractère 1: ":" lacks a label
sed: -e expression n°1, caractère 1: ":" lacks a label
sed: -e expression n°1, caractère 1: ":" lacks a label
sed: -e expression n°1, caractère 1: ":" lacks a label
sed: -e expression n°1, caractère 1: ":" lacks a label
sed: -e expression n°1, caractère 1: ":" lacks a label
sed: -e expression n°1, caractère 1: ":" lacks a label
sed: -e expression n°1, caractère 1: ":" lacks a label
sed: -e expression n°1, caractère 1: ":" lacks a label
sed: -e expression n°1, caractère 1: ":" lacks a label
sed: -e expression n°1, caractère 1: ":" lacks a label
sed: -e expression n°1, caractère 1: ":" lacks a label
sed: -e expression n°1, caractère 1: ":" lacks a label
sed: -e expression n°1, caractère 1: ":" lacks a label
sed: -e expression n°1, caractère 1: ":" lacks a label
sed: -e expression n°1, caractère 1: ":" lacks a label
sed: -e expression n°1, caractère 1: ":" lacks a label
sed: -e expression n°1, caractère 1: ":" lacks a label
sed: -e expression n°1, caractère 1: ":" lacks a label
sed: -e expression n°1, caractère 1: ":" lacks a label
sed: -e expression n°1, caractère 1: ":" lacks a label
sed: -e expression n°1, caractère 1: ":" lacks a label
sed: -e expression n°1, caractère 1: ":" lacks a label
sed: -e expression n°1, caractère 1: ":" lacks a label
sed: -e expression n°1, caractère 1: ":" lacks a label
sed: -e expression n°1, caractère 1: ":" lacks a label
sed: -e expression n°1, caractère 1: ":" lacks a label
sed: -e expression n°1, caractère 1: ":" lacks a label
sed: -e expression n°1, caractère 1: ":" lacks a label
sed: -e expression n°1, caractère 1: ":" lacks a label
sed: -e expression n°1, caractère 1: ":" lacks a label
sed: -e expression n°1, caractère 1: ":" lacks a label
sed: -e expression n°1, caractère 1: ":" lacks a label
sed: -e expression n°1, caractère 1: ":" lacks a label
sed: -e expression n°1, caractère 1: ":" lacks a label
sed: -e expression n°1, caractère 1: ":" lacks a label
